<?xml version="1.0" encoding="UTF-8"?>
<testng-results ignored="0" total="1" passed="1" failed="0" skipped="0">
  <reporter-output>
  </reporter-output>
  <suite started-at="2020-10-31T14:21:59 CST" name="Default suite" finished-at="2020-10-31T14:22:09 CST" duration-ms="10808">
    <groups>
    </groups>
    <test started-at="2020-10-31T14:21:59 CST" name="Default test" finished-at="2020-10-31T14:22:09 CST" duration-ms="10808">
      <class name="com.udemy.spring.springselenium.googletest.Google1Test">
        <test-method is-config="true" signature="springTestContextBeforeTestClass()[pri:0, instance:com.udemy.spring.springselenium.googletest.Google1Test@5d2a4eed]" started-at="2020-10-31T14:21:59 CST" name="springTestContextBeforeTestClass" finished-at="2020-10-31T14:21:59 CST" duration-ms="13" status="PASS">
          <reporter-output>
          </reporter-output>
        </test-method> <!-- springTestContextBeforeTestClass -->
        <test-method is-config="true" signature="springTestContextPrepareTestInstance()[pri:0, instance:com.udemy.spring.springselenium.googletest.Google1Test@5d2a4eed]" started-at="2020-10-31T14:21:59 CST" name="springTestContextPrepareTestInstance" finished-at="2020-10-31T14:22:02 CST" depends-on-methods="org.springframework.test.context.testng.AbstractTestNGSpringContextTests.springTestContextBeforeTestClass" duration-ms="3645" status="PASS">
          <reporter-output>
          </reporter-output>
        </test-method> <!-- springTestContextPrepareTestInstance -->
        <test-method is-config="true" signature="springTestContextBeforeTestMethod(java.lang.reflect.Method)[pri:0, instance:com.udemy.spring.springselenium.googletest.Google1Test@5d2a4eed]" started-at="2020-10-31T14:22:02 CST" name="springTestContextBeforeTestMethod" finished-at="2020-10-31T14:22:02 CST" duration-ms="3" status="PASS">
          <params>
            <param index="0">
              <value>
                <![CDATA[public void com.udemy.spring.springselenium.googletest.Google1Test.googleTest() throws java.io.IOException]]>
              </value>
            </param>
          </params>
          <reporter-output>
          </reporter-output>
        </test-method> <!-- springTestContextBeforeTestMethod -->
        <test-method signature="googleTest()[pri:0, instance:com.udemy.spring.springselenium.googletest.Google1Test@5d2a4eed]" started-at="2020-10-31T14:22:02 CST" name="googleTest" finished-at="2020-10-31T14:22:09 CST" duration-ms="7116" status="PASS">
          <reporter-output>
          </reporter-output>
        </test-method> <!-- googleTest -->
        <test-method is-config="true" signature="springTestContextAfterTestMethod(java.lang.reflect.Method)[pri:0, instance:com.udemy.spring.springselenium.googletest.Google1Test@5d2a4eed]" started-at="2020-10-31T14:22:09 CST" name="springTestContextAfterTestMethod" finished-at="2020-10-31T14:22:09 CST" duration-ms="2" status="PASS">
          <params>
            <param index="0">
              <value>
                <![CDATA[public void com.udemy.spring.springselenium.googletest.Google1Test.googleTest() throws java.io.IOException]]>
              </value>
            </param>
          </params>
          <reporter-output>
          </reporter-output>
        </test-method> <!-- springTestContextAfterTestMethod -->
        <test-method is-config="true" signature="springTestContextAfterTestClass()[pri:0, instance:com.udemy.spring.springselenium.googletest.Google1Test@5d2a4eed]" started-at="2020-10-31T14:22:09 CST" name="springTestContextAfterTestClass" finished-at="2020-10-31T14:22:09 CST" duration-ms="1" status="PASS">
          <reporter-output>
          </reporter-output>
        </test-method> <!-- springTestContextAfterTestClass -->
      </class> <!-- com.udemy.spring.springselenium.googletest.Google1Test -->
    </test> <!-- Default test -->
  </suite> <!-- Default suite -->
</testng-results>
